\BOOKMARK [1][-]{section.1}{Scientific Justification}{}% 1
\BOOKMARK [2][-]{subsection.1.1}{Generalized Parton Distributions and Contribution from the Pion Pole}{section.1}% 2
\BOOKMARK [2][-]{subsection.1.2}{Single spin asymmetry in exclusive pion electroproduction}{section.1}% 3
\BOOKMARK [2][-]{subsection.1.3}{The Complementarity of Separated and Unseparated Asymmetry Measurements}{section.1}% 4
\BOOKMARK [2][-]{subsection.1.4}{Motivation for and Status of the other Fourier Azimuthal Components}{section.1}% 5
\BOOKMARK [1][-]{section.2}{Experimental Method}{}% 6
\BOOKMARK [2][-]{subsection.2.1}{Transversely Polarized 3He Target}{section.2}% 7
\BOOKMARK [2][-]{subsection.2.2}{SoLID Spectrometer and Detectors}{section.2}% 8
\BOOKMARK [2][-]{subsection.2.3}{Recoil Proton Identification}{section.2}% 9
\BOOKMARK [2][-]{subsection.2.4}{Trigger Design}{section.2}% 10
\BOOKMARK [1][-]{section.3}{Projected Results}{}% 11
\BOOKMARK [2][-]{subsection.3.1}{Kinematic Coverage}{section.3}% 12
\BOOKMARK [2][-]{subsection.3.2}{Estimated Rates }{section.3}% 13
\BOOKMARK [2][-]{subsection.3.3}{Asymmetry Projections}{section.3}% 14
\BOOKMARK [2][-]{subsection.3.4}{Missing Mass and Background}{section.3}% 15
\BOOKMARK [2][-]{subsection.3.5}{Systematic Uncertainties}{section.3}% 16
\BOOKMARK [1][-]{section.4}{Responses to Items Identified in the 2016 Review}{}% 17
\BOOKMARK [2][-]{subsection.4.1}{SoLID Acceptance Simulations}{section.4}% 18
\BOOKMARK [2][-]{subsection.4.2}{Resolution and Fermi Smearing}{section.4}% 19
\BOOKMARK [2][-]{subsection.4.3}{Dialog with Theorists}{section.4}% 20
\BOOKMARK [2][-]{subsection.4.4}{Experimental Background}{section.4}% 21
\BOOKMARK [2][-]{subsection.4.5}{Projected Uncertainties}{section.4}% 22
\BOOKMARK [1][-]{section.5}{Summary}{}% 23
\BOOKMARK [1][-]{appendix.A}{Monte Carlo model of Deep Exclusive - Production from the Neutron in 3He }{}% 24
\BOOKMARK [2][-]{subsection.A.1}{Definition of the Cross Section and Single-Spin Asymmetries}{appendix.A}% 25
\BOOKMARK [2][-]{subsection.A.2}{Cross Section Model for Higher Q2 Kinematics }{appendix.A}% 26
\BOOKMARK [3][-]{subsubsection.A.2.1}{Constraints}{subsection.A.2}% 27
\BOOKMARK [3][-]{subsubsection.A.2.2}{Parametrization of L, T, LT, \046 TT }{subsection.A.2}% 28
\BOOKMARK [2][-]{subsection.A.3}{Parametrization of the six Single-Spin Asymmetries }{appendix.A}% 29
\BOOKMARK [2][-]{subsection.A.4}{Target Neutron Fermi Momentum }{appendix.A}% 30
\BOOKMARK [2][-]{subsection.A.5}{Energy Loss and Multiple Scattering }{appendix.A}% 31
\BOOKMARK [2][-]{subsection.A.6}{Final State Interactions }{appendix.A}% 32
