\BOOKMARK [1][-]{section.1}{Scientific Justification}{}
\BOOKMARK [2][-]{subsection.1.1}{Generalized Parton Distributions and Contribution from the Pion Pole}{section.1}
\BOOKMARK [2][-]{subsection.1.2}{Single spin asymmetry in exclusive pion electroproduction}{section.1}
\BOOKMARK [2][-]{subsection.1.3}{The Complementarity of Separated and Unseparated Asymmetry Measurements}{section.1}
\BOOKMARK [1][-]{section.2}{Experimental Method}{}
\BOOKMARK [2][-]{subsection.2.1}{Transversely Polarized 3He Target}{section.2}
\BOOKMARK [2][-]{subsection.2.2}{SoLID Spectrometer and Detectors}{section.2}
\BOOKMARK [2][-]{subsection.2.3}{A Proton Recoil Detector}{section.2}
\BOOKMARK [2][-]{subsection.2.4}{Trigger Design}{section.2}
\BOOKMARK [1][-]{section.3}{Projected Results}{}
\BOOKMARK [2][-]{subsection.3.1}{Kinematic Coverage}{section.3}
\BOOKMARK [2][-]{subsection.3.2}{Estimated Rates}{section.3}
\BOOKMARK [2][-]{subsection.3.3}{Asymmetry Projections}{section.3}
\BOOKMARK [1][-]{section.4}{Missing Mass and Background}{}
\BOOKMARK [1][-]{section.5}{Systematic Uncertainties}{}
\BOOKMARK [1][-]{section.6}{Summary}{}
\BOOKMARK [1][-]{appendix.A}{Monte Carlo Model of Deep Exclusive - Production From The Neutron}{}
\BOOKMARK [2][-]{subsection.A.1}{Data Constraints}{appendix.A}
\BOOKMARK [2][-]{subsection.A.2}{Model for Higher Q2 Kinematics}{appendix.A}
\BOOKMARK [2][-]{subsection.A.3}{Parameterization of L, T, LT, \046 TT}{appendix.A}
\BOOKMARK [2][-]{subsection.A.4}{Single Spin Asymmetry \(SSA\) AL }{appendix.A}
