This is pdfTeXk, Version 3.141592-1.40.3 (Web2C 7.5.6) (format=pdflatex 2014.2.14)  19 APR 2016 16:23
entering extended mode
 %&-line parsing enabled.
**solid_neutron_DEMP.tex
(./solid_neutron_DEMP.tex
LaTeX2e <2005/12/01>
Babel <v3.8h> and hyphenation patterns for english, usenglishmax, dumylang, noh
yphenation, arabic, basque, bulgarian, coptic, welsh, czech, slovak, german, ng
erman, danish, esperanto, spanish, catalan, galician, estonian, farsi, finnish,
 french, greek, monogreek, ancientgreek, croatian, hungarian, interlingua, ibyc
us, indonesian, icelandic, italian, latin, mongolian, dutch, norsk, polish, por
tuguese, pinyin, romanian, russian, slovenian, uppersorbian, serbian, swedish, 
turkish, ukenglish, ukrainian, loaded.
(/usr/share/texmf/tex/latex/base/article.cls
Document Class: article 2005/09/16 v1.4f Standard LaTeX document class
(/usr/share/texmf/tex/latex/base/size10.clo
File: size10.clo 2005/09/16 v1.4f Standard LaTeX file (size option)
)
\c@part=\count79
\c@section=\count80
\c@subsection=\count81
\c@subsubsection=\count82
\c@paragraph=\count83
\c@subparagraph=\count84
\c@figure=\count85
\c@table=\count86
\abovecaptionskip=\skip41
\belowcaptionskip=\skip42
\bibindent=\dimen102
)
(/usr/share/texmf/tex/latex/graphics/color.sty
Package: color 2005/11/14 v1.0j Standard LaTeX Color (DPC)

(/usr/share/texmf/tex/latex/config/color.cfg
File: color.cfg 2007/01/18 v1.5 color configuration of teTeX/TeXLive
)
Package color Info: Driver file: pdftex.def on input line 130.

(/usr/share/texmf/tex/latex/pdftex-def/pdftex.def
File: pdftex.def 2007/01/08 v0.04d Graphics/color for pdfTeX
\Gread@gobject=\count87
))
(/usr/share/texmf/tex/generic/dvips/rotate.sty
\@rotdimen=\dimen103
\@rotbox=\box26
)
(/usr/share/texmf/tex/latex/graphics/graphics.sty
Package: graphics 2006/02/20 v1.0o Standard LaTeX Graphics (DPC,SPQR)

(/usr/share/texmf/tex/latex/graphics/trig.sty
Package: trig 1999/03/16 v1.09 sin cos tan (DPC)
)
(/usr/share/texmf/tex/latex/config/graphics.cfg
File: graphics.cfg 2007/01/18 v1.5 graphics configuration of teTeX/TeXLive
)
Package graphics Info: Driver file: pdftex.def on input line 90.
)
(/usr/share/texmf/tex/latex/graphics/graphicx.sty
Package: graphicx 1999/02/16 v1.0f Enhanced LaTeX Graphics (DPC,SPQR)

(/usr/share/texmf/tex/latex/graphics/keyval.sty
Package: keyval 1999/03/16 v1.13 key=value parser (DPC)
\KV@toks@=\toks14
)
\Gin@req@height=\dimen104
\Gin@req@width=\dimen105
)
(/usr/share/texmf/tex/latex/graphics/epsfig.sty
Package: epsfig 1999/02/16 v1.7a (e)psfig emulation (SPQR)
\epsfxsize=\dimen106
\epsfysize=\dimen107
)
(/usr/share/texmf/tex/latex/amsfonts/amssymb.sty
Package: amssymb 2002/01/22 v2.2d

(/usr/share/texmf/tex/latex/amsfonts/amsfonts.sty
Package: amsfonts 2001/10/25 v2.2f
\@emptytoks=\toks15
\symAMSa=\mathgroup4
\symAMSb=\mathgroup5
LaTeX Font Info:    Overwriting math alphabet `\mathfrak' in version `bold'
(Font)                  U/euf/m/n --> U/euf/b/n on input line 132.
))
(/usr/share/texmf/tex/latex/base/latexsym.sty
Package: latexsym 1998/08/17 v2.2e Standard LaTeX package (lasy symbols)
\symlasy=\mathgroup6
LaTeX Font Info:    Overwriting symbol font `lasy' in version `bold'
(Font)                  U/lasy/m/n --> U/lasy/b/n on input line 47.
)
(/usr/share/texmf/tex/latex/preprint/authblk.sty
Package: authblk 2001/02/27 1.3 (PWD)
\affilsep=\skip43
\@affilsep=\skip44
\c@Maxaffil=\count88
\c@authors=\count89
\c@affil=\count90
)
(/usr/share/texmf/tex/latex/booktabs/booktabs.sty
Package: booktabs 2005/03/16 v1.6180 publication quality tables
\heavyrulewidth=\dimen108
\lightrulewidth=\dimen109
\cmidrulewidth=\dimen110
\belowrulesep=\dimen111
\belowbottomsep=\dimen112
\aboverulesep=\dimen113
\abovetopsep=\dimen114
\cmidrulesep=\dimen115
\cmidrulekern=\dimen116
\defaultaddspace=\dimen117
\@cmidla=\count91
\@cmidlb=\count92
\@aboverulesep=\dimen118
\@belowrulesep=\dimen119
\@thisruleclass=\count93
\@lastruleclass=\count94
\@thisrulewidth=\dimen120
)
(/usr/share/texmf/tex/latex/amsmath/amsmath.sty
Package: amsmath 2000/07/18 v2.13 AMS math features
\@mathmargin=\skip45

For additional information on amsmath, use the `?' option.
(/usr/share/texmf/tex/latex/amsmath/amstext.sty
Package: amstext 2000/06/29 v2.01

(/usr/share/texmf/tex/latex/amsmath/amsgen.sty
File: amsgen.sty 1999/11/30 v2.0
\@emptytoks=\toks16
\ex@=\dimen121
))
(/usr/share/texmf/tex/latex/amsmath/amsbsy.sty
Package: amsbsy 1999/11/29 v1.2d
\pmbraise@=\dimen122
)
(/usr/share/texmf/tex/latex/amsmath/amsopn.sty
Package: amsopn 1999/12/14 v2.01 operator names
)
\inf@bad=\count95
LaTeX Info: Redefining \frac on input line 211.
\uproot@=\count96
\leftroot@=\count97
LaTeX Info: Redefining \overline on input line 307.
\classnum@=\count98
\DOTSCASE@=\count99
LaTeX Info: Redefining \ldots on input line 379.
LaTeX Info: Redefining \dots on input line 382.
LaTeX Info: Redefining \cdots on input line 467.
\Mathstrutbox@=\box27
\strutbox@=\box28
\big@size=\dimen123
LaTeX Font Info:    Redeclaring font encoding OML on input line 567.
LaTeX Font Info:    Redeclaring font encoding OMS on input line 568.
\macc@depth=\count100
\c@MaxMatrixCols=\count101
\dotsspace@=\muskip10
\c@parentequation=\count102
\dspbrk@lvl=\count103
\tag@help=\toks17
\row@=\count104
\column@=\count105
\maxfields@=\count106
\andhelp@=\toks18
\eqnshift@=\dimen124
\alignsep@=\dimen125
\tagshift@=\dimen126
\tagwidth@=\dimen127
\totwidth@=\dimen128
\lineht@=\dimen129
\@envbody=\toks19
\multlinegap=\skip46
\multlinetaggap=\skip47
\mathdisplay@stack=\toks20
LaTeX Info: Redefining \[ on input line 2666.
LaTeX Info: Redefining \] on input line 2667.
)
(/usr/share/texmf/tex/latex/rotating/rotating.sty
Package: rotating 1997/09/26, v2.13 Rotation package

(/usr/share/texmf/tex/latex/base/ifthen.sty
Package: ifthen 2001/05/26 v1.1c Standard LaTeX ifthen package (DPC)
)
\c@r@tfl@t=\count107
\rot@float@box=\box29
)
(/usr/share/texmf/tex/latex/caption/caption.sty
Package: caption 2007/01/07 v3.0k Customising captions (AR)

(/usr/share/texmf/tex/latex/caption/caption3.sty
Package: caption3 2007/01/07 v3.0k caption3 kernel (AR)
\captionmargin=\dimen130
\captionmarginx=\dimen131
\captionwidth=\dimen132
\captionindent=\dimen133
\captionparindent=\dimen134
\captionhangindent=\dimen135
)
Package caption Info: rotating package v2.0 (or newer) detected on input line 3
82.
)
(/usr/share/texmf/tex/latex/subfig/subfig.sty
Package: subfig 2005/06/28 ver: 1.3 subfig package
\c@KVtest=\count108
\sf@farskip=\skip48
\sf@captopadj=\dimen136
\sf@capskip=\skip49
\sf@nearskip=\skip50
\c@subfigure=\count109
\c@subfigure@save=\count110
\c@lofdepth=\count111
\c@subtable=\count112
\c@subtable@save=\count113
\c@lotdepth=\count114
\sf@top=\skip51
\sf@bottom=\skip52
)
(/usr/share/texmf/tex/latex/oberdiek/epstopdf.sty
Package: epstopdf 2006/08/26 v1.3 Conversion with epstopdf on the fly (HO)


Package epstopdf Warning: Shell escape feature is not enabled.

) (/usr/share/texmf/tex/latex/ltxmisc/url.sty
\Urlmuskip=\muskip11
Package: url 2005/06/27  ver 3.2  Verb mode for urls, etc.
)
(/usr/share/texmf/tex/latex/listings/listings.sty
\lst@mode=\count115
\lst@gtempboxa=\box30
\lst@token=\toks21
\lst@length=\count116
\lst@currlwidth=\dimen137
\lst@column=\count117
\lst@pos=\count118
\lst@lostspace=\dimen138
\lst@width=\dimen139
\lst@newlines=\count119
\lst@lineno=\count120
\c@lstlisting=\count121
\lst@maxwidth=\dimen140

(/usr/share/texmf/tex/latex/listings/lstpatch.sty
File: lstpatch.sty 2004/10/17 1.3b (Carsten Heinz)
)
(/usr/share/texmf/tex/latex/listings/lstmisc.sty
File: lstmisc.sty 2004/09/07 1.3 (Carsten Heinz)
\c@lstnumber=\count122
\lst@skipnumbers=\count123
\lst@framebox=\box31
)
(/usr/share/texmf/tex/latex/listings/listings.cfg
File: listings.cfg 2004/09/05 1.3 listings configuration
))
Package: listings 2004/10/17 1.3b (Carsten Heinz)

(/usr/share/texmf/tex/latex/cite/cite.sty
LaTeX Info: Redefining \cite on input line 149.
LaTeX Info: Redefining \nocite on input line 214.
Package: cite 2003/11/04  v 4.01
)
(/usr/share/texmf/tex/latex/upquote/upquote.sty
Package: upquote 2003/08/11 v1.1 Covington's upright-quote modification to verb
atim and verb

(/usr/share/texmf/tex/latex/base/textcomp.sty
Package: textcomp 2005/09/27 v1.99g Standard LaTeX package
Package textcomp Info: Sub-encoding information:
(textcomp)               5 = only ISO-Adobe without \textcurrency
(textcomp)               4 = 5 + \texteuro
(textcomp)               3 = 4 + \textohm
(textcomp)               2 = 3 + \textestimated + \textcurrency
(textcomp)               1 = TS1 - \textcircled - \t
(textcomp)               0 = TS1 (full)
(textcomp)             Font families with sub-encoding setting implement
(textcomp)             only a restricted character set as indicated.
(textcomp)             Family '?' is the default used for unknown fonts.
(textcomp)             See the documentation for details.
Package textcomp Info: Setting ? sub-encoding to TS1/1 on input line 71.

(/usr/share/texmf/tex/latex/base/ts1enc.def
File: ts1enc.def 2001/06/05 v3.0e (jk/car/fm) Standard LaTeX file
)
LaTeX Info: Redefining \oldstylenums on input line 266.
Package textcomp Info: Setting cmr sub-encoding to TS1/0 on input line 281.
Package textcomp Info: Setting cmss sub-encoding to TS1/0 on input line 282.
Package textcomp Info: Setting cmtt sub-encoding to TS1/0 on input line 283.
Package textcomp Info: Setting cmvtt sub-encoding to TS1/0 on input line 284.
Package textcomp Info: Setting cmbr sub-encoding to TS1/0 on input line 285.
Package textcomp Info: Setting cmtl sub-encoding to TS1/0 on input line 286.
Package textcomp Info: Setting ccr sub-encoding to TS1/0 on input line 287.
Package textcomp Info: Setting ptm sub-encoding to TS1/4 on input line 288.
Package textcomp Info: Setting pcr sub-encoding to TS1/4 on input line 289.
Package textcomp Info: Setting phv sub-encoding to TS1/4 on input line 290.
Package textcomp Info: Setting ppl sub-encoding to TS1/3 on input line 291.
Package textcomp Info: Setting pag sub-encoding to TS1/4 on input line 292.
Package textcomp Info: Setting pbk sub-encoding to TS1/4 on input line 293.
Package textcomp Info: Setting pnc sub-encoding to TS1/4 on input line 294.
Package textcomp Info: Setting pzc sub-encoding to TS1/4 on input line 295.
Package textcomp Info: Setting bch sub-encoding to TS1/4 on input line 296.
Package textcomp Info: Setting put sub-encoding to TS1/5 on input line 297.
Package textcomp Info: Setting uag sub-encoding to TS1/5 on input line 298.
Package textcomp Info: Setting ugq sub-encoding to TS1/5 on input line 299.
Package textcomp Info: Setting ul8 sub-encoding to TS1/4 on input line 300.
Package textcomp Info: Setting ul9 sub-encoding to TS1/4 on input line 301.
Package textcomp Info: Setting augie sub-encoding to TS1/5 on input line 302.
Package textcomp Info: Setting dayrom sub-encoding to TS1/3 on input line 303.
Package textcomp Info: Setting dayroms sub-encoding to TS1/3 on input line 304.

Package textcomp Info: Setting pxr sub-encoding to TS1/0 on input line 305.
Package textcomp Info: Setting pxss sub-encoding to TS1/0 on input line 306.
Package textcomp Info: Setting pxtt sub-encoding to TS1/0 on input line 307.
Package textcomp Info: Setting txr sub-encoding to TS1/0 on input line 308.
Package textcomp Info: Setting txss sub-encoding to TS1/0 on input line 309.
Package textcomp Info: Setting txtt sub-encoding to TS1/0 on input line 310.
Package textcomp Info: Setting futs sub-encoding to TS1/4 on input line 311.
Package textcomp Info: Setting futx sub-encoding to TS1/4 on input line 312.
Package textcomp Info: Setting futj sub-encoding to TS1/4 on input line 313.
Package textcomp Info: Setting hlh sub-encoding to TS1/3 on input line 314.
Package textcomp Info: Setting hls sub-encoding to TS1/3 on input line 315.
Package textcomp Info: Setting hlst sub-encoding to TS1/3 on input line 316.
Package textcomp Info: Setting hlct sub-encoding to TS1/5 on input line 317.
Package textcomp Info: Setting hlx sub-encoding to TS1/5 on input line 318.
Package textcomp Info: Setting hlce sub-encoding to TS1/5 on input line 319.
Package textcomp Info: Setting hlcn sub-encoding to TS1/5 on input line 320.
Package textcomp Info: Setting hlcw sub-encoding to TS1/5 on input line 321.
Package textcomp Info: Setting hlcf sub-encoding to TS1/5 on input line 322.
Package textcomp Info: Setting pplx sub-encoding to TS1/3 on input line 323.
Package textcomp Info: Setting pplj sub-encoding to TS1/3 on input line 324.
Package textcomp Info: Setting ptmx sub-encoding to TS1/4 on input line 325.
Package textcomp Info: Setting ptmj sub-encoding to TS1/4 on input line 326.
))
(/usr/share/texmf/tex/latex/xcolor/xcolor.sty
Package: xcolor 2007/01/21 v2.11 LaTeX color extensions (UK)

(/usr/share/texmf/tex/latex/config/color.cfg
File: color.cfg 2007/01/18 v1.5 color configuration of teTeX/TeXLive
)
Package xcolor Info: Driver file: pdftex.def on input line 225.
LaTeX Info: Redefining \color on input line 702.
Package xcolor Info: Model `cmy' substituted by `cmy0' on input line 1337.
Package xcolor Info: Model `hsb' substituted by `rgb' on input line 1341.
Package xcolor Info: Model `RGB' extended on input line 1353.
Package xcolor Info: Model `HTML' substituted by `rgb' on input line 1355.
Package xcolor Info: Model `Hsb' substituted by `hsb' on input line 1356.
Package xcolor Info: Model `tHsb' substituted by `hsb' on input line 1357.
Package xcolor Info: Model `HSB' substituted by `hsb' on input line 1358.
Package xcolor Info: Model `Gray' substituted by `gray' on input line 1359.
Package xcolor Info: Model `wave' substituted by `hsb' on input line 1360.
)
(/usr/share/texmf/tex/latex/pdfpages/pdfpages.sty
Package: pdfpages 2006/08/12 v0.4a Insert pages of external PDF documents (AM)

(/usr/share/texmf/tex/latex/tools/calc.sty
Package: calc 2005/08/06 v4.2 Infix arithmetic (KKT,FJ)
\calc@Acount=\count124
\calc@Bcount=\count125
\calc@Adimen=\dimen141
\calc@Bdimen=\dimen142
\calc@Askip=\skip53
\calc@Bskip=\skip54
LaTeX Info: Redefining \setlength on input line 75.
LaTeX Info: Redefining \addtolength on input line 76.
\calc@Ccount=\count126
\calc@Cskip=\skip55
)
(/usr/share/texmf/tex/latex/eso-pic/eso-pic.sty
Package: eso-pic 2006/07/14 v1.1d eso-pic (RN)

(/usr/share/texmf/tex/latex/everyshi/everyshi.sty
Package: everyshi 2001/05/15 v3.00 EveryShipout Package (MS)
))
(/usr/share/texmf/tex/latex/pdfpages/pppdftex.def
File: pppdftex.def 2006/08/12 v0.4a Pdfpages driver for pdfTeX (AM)
)
\AM@pagebox=\box32
\AM@toc@title=\toks22
\c@AM@survey=\count127
)
(/usr/share/texmf/tex/latex/placeins/placeins.sty
Package: placeins 2005/04/18  v 2.2
)
(/usr/share/texmf/tex/latex/geometry/geometry.sty
Package: geometry 2002/07/08 v3.2 Page Geometry
\Gm@cnth=\count128
\Gm@cntv=\count129
\c@Gm@tempcnt=\count130
\Gm@bindingoffset=\dimen143
\Gm@wd@mp=\dimen144
\Gm@odd@mp=\dimen145
\Gm@even@mp=\dimen146
\Gm@dimlist=\toks23
)
(/usr/share/texmf/tex/latex/hyperref/hyperref.sty
Package: hyperref 2007/02/07 v6.75r Hypertext links for LaTeX
\@linkdim=\dimen147
\Hy@linkcounter=\count131
\Hy@pagecounter=\count132

(/usr/share/texmf/tex/latex/hyperref/pd1enc.def
File: pd1enc.def 2007/02/07 v6.75r Hyperref: PDFDocEncoding definition (HO)
)
(/usr/share/texmf/tex/latex/config/hyperref.cfg
File: hyperref.cfg 2002/06/06 v1.2 hyperref configuration of TeXLive
)
(/usr/share/texmf/tex/latex/oberdiek/kvoptions.sty
Package: kvoptions 2006/08/22 v2.4 Connects package keyval with LaTeX options (
HO)
)
Package hyperref Info: Hyper figures OFF on input line 2288.
Package hyperref Info: Link nesting OFF on input line 2293.
Package hyperref Info: Hyper index ON on input line 2296.
Package hyperref Info: Plain pages OFF on input line 2303.
Package hyperref Info: Backreferencing OFF on input line 2308.

Implicit mode ON; LaTeX internals redefined
Package hyperref Info: Bookmarks ON on input line 2444.
LaTeX Info: Redefining \url on input line 2599.
\Fld@menulength=\count133
\Field@Width=\dimen148
\Fld@charsize=\dimen149
\Choice@toks=\toks24
\Field@toks=\toks25
Package hyperref Info: Hyper figures OFF on input line 3102.
Package hyperref Info: Link nesting OFF on input line 3107.
Package hyperref Info: Hyper index ON on input line 3110.
Package hyperref Info: backreferencing OFF on input line 3117.
Package hyperref Info: Link coloring OFF on input line 3122.
\Hy@abspage=\count134
\c@Item=\count135
\c@Hfootnote=\count136
)
*hyperref using default driver hpdftex*
(/usr/share/texmf/tex/latex/hyperref/hpdftex.def
File: hpdftex.def 2007/02/07 v6.75r Hyperref driver for pdfTeX
\Fld@listcount=\count137
) (./solid_neutron_DEMP.aux)
\openout1 = `solid_neutron_DEMP.aux'.

LaTeX Font Info:    Checking defaults for OML/cmm/m/it on input line 119.
LaTeX Font Info:    ... okay on input line 119.
LaTeX Font Info:    Checking defaults for T1/cmr/m/n on input line 119.
LaTeX Font Info:    ... okay on input line 119.
LaTeX Font Info:    Checking defaults for OT1/cmr/m/n on input line 119.
LaTeX Font Info:    ... okay on input line 119.
LaTeX Font Info:    Checking defaults for OMS/cmsy/m/n on input line 119.
LaTeX Font Info:    ... okay on input line 119.
LaTeX Font Info:    Checking defaults for OMX/cmex/m/n on input line 119.
LaTeX Font Info:    ... okay on input line 119.
LaTeX Font Info:    Checking defaults for U/cmr/m/n on input line 119.
LaTeX Font Info:    ... okay on input line 119.
LaTeX Font Info:    Checking defaults for TS1/cmr/m/n on input line 119.
LaTeX Font Info:    Try loading font information for TS1+cmr on input line 119.


(/usr/share/texmf/tex/latex/base/ts1cmr.fd
File: ts1cmr.fd 1999/05/25 v2.5h Standard LaTeX font definitions
)
LaTeX Font Info:    ... okay on input line 119.
LaTeX Font Info:    Checking defaults for PD1/pdf/m/n on input line 119.
LaTeX Font Info:    ... okay on input line 119.

(/usr/share/texmf/tex/latex/ragged2e/ragged2e.sty
Package: ragged2e 2003/03/25 v2.04 ragged2e Package (MS)

(/usr/share/texmf/tex/latex/everysel/everysel.sty
Package: everysel 1999/06/08 v1.03 EverySelectfont Package (MS)
LaTeX Info: Redefining \selectfont on input line 125.
)
\CenteringLeftskip=\skip56
\RaggedLeftLeftskip=\skip57
\RaggedRightLeftskip=\skip58
\CenteringRightskip=\skip59
\RaggedLeftRightskip=\skip60
\RaggedRightRightskip=\skip61
\CenteringParfillskip=\skip62
\RaggedLeftParfillskip=\skip63
\RaggedRightParfillskip=\skip64
\JustifyingParfillskip=\skip65
\CenteringParindent=\skip66
\RaggedLeftParindent=\skip67
\RaggedRightParindent=\skip68
\JustifyingParindent=\skip69
)
Package caption Info: hyperref package v6.74m (or newer) detected on input line
 119.
Package caption Info: listings package v1.2 (or newer) detected on input line 1
19.
Package caption Info: subref 1.2 or 1.3 detected on input line 119.
LaTeX Info: Redefining \subref on input line 119.

ABD: EveryShipout initializing macros
-------------------- Geometry parameters
paper: class default
landscape: --
twocolumn: --
twoside: --
asymmetric: --
h-parts: 72.26999pt, 469.75502pt, 72.26999pt
v-parts: 72.26999pt, 650.43001pt, 72.26999pt
hmarginratio: --
vmarginratio: --
lines: --
heightrounded: --
bindingoffset: 0.0pt
truedimen: --
includehead: --
includefoot: --
includemp: --
driver: pdftex
-------------------- Page layout dimensions and switches
\paperwidth  614.295pt
\paperheight 794.96999pt
\textwidth  469.75502pt
\textheight 650.43001pt
\oddsidemargin  0.0pt
\evensidemargin 0.0pt
\topmargin  -37.0pt
\headheight 12.0pt
\headsep    25.0pt
\footskip   30.0pt
\marginparwidth 65.0pt
\marginparsep   11.0pt
\columnsep  10.0pt
\skip\footins  9.0pt plus 4.0pt minus 2.0pt
\hoffset 0.0pt
\voffset 0.0pt
\mag 1000

(1in=72.27pt, 1cm=28.45pt)
-----------------------
Package hyperref Info: Link coloring OFF on input line 119.

(/usr/share/texmf/tex/latex/hyperref/nameref.sty
Package: nameref 2006/12/27 v2.28 Cross-referencing by name of section

(/usr/share/texmf/tex/latex/oberdiek/refcount.sty
Package: refcount 2006/02/20 v3.0 Data extraction from references (HO)
)
\c@section@level=\count138
)
LaTeX Info: Redefining \ref on input line 119.
LaTeX Info: Redefining \pageref on input line 119.
 (./solid_neutron_DEMP.out)
(./solid_neutron_DEMP.out)
\@outlinefile=\write3
\openout3 = `solid_neutron_DEMP.out'.

LaTeX Font Info:    Try loading font information for U+msa on input line 131.
 (/usr/share/texmf/tex/latex/amsfonts/umsa.fd
File: umsa.fd 2002/01/19 v2.2g AMS font definitions
)
LaTeX Font Info:    Try loading font information for U+msb on input line 131.

(/usr/share/texmf/tex/latex/amsfonts/umsb.fd
File: umsb.fd 2002/01/19 v2.2g AMS font definitions
)
LaTeX Font Info:    Try loading font information for U+lasy on input line 131.

(/usr/share/texmf/tex/latex/base/ulasy.fd
File: ulasy.fd 1998/08/17 v2.2e LaTeX symbol font definitions
) [1

{/var/lib/texmf/fonts/map/pdftex/updmap/pdftex.map}] (./solid_neutron_DEMP.toc)
\tf@toc=\write4
\openout4 = `solid_neutron_DEMP.toc'.

 [2

] [3] (./motivation.tex

pdfTeX warning: pdflatex (file ./figures/pdist_gpd_comparo.pdf): PDF inclusion:
 found PDF version <1.5>, but at most version <1.4> allowed
<./figures/pdist_gpd_comparo.pdf, id=147, 590.205pt x 444.66125pt>
File: ./figures/pdist_gpd_comparo.pdf Graphic file (type pdf)

<use ./figures/pdist_gpd_comparo.pdf> [4 <./figures/pdist_gpd_comparo.pdf>]

pdfTeX warning: pdflatex (file ./figures/PCAC_pion_pole.pdf): PDF inclusion: fo
und PDF version <1.5>, but at most version <1.4> allowed
<figures/PCAC_pion_pole.pdf, id=161, 665.48625pt x 204.765pt>
File: figures/PCAC_pion_pole.pdf Graphic file (type pdf)

<use figures/PCAC_pion_pole.pdf>

pdfTeX warning: pdflatex (file ./figures/atpi_planes.pdf): PDF inclusion: found
 PDF version <1.5>, but at most version <1.4> allowed
<./figures/atpi_planes.pdf, id=162, 875.27pt x 475.7775pt>
File: ./figures/atpi_planes.pdf Graphic file (type pdf)

<use ./figures/atpi_planes.pdf> [5]
<./figures/frankfurt_atpi.pdf, id=172, 464.73625pt x 402.50375pt>
File: ./figures/frankfurt_atpi.pdf Graphic file (type pdf)

<use ./figures/frankfurt_atpi.pdf> [6 <./figures/PCAC_pion_pole.pdf> <./figures
/atpi_planes.pdf>] <./figures/belitsky2.png, id=194, 394.5942pt x 444.7014pt>
File: ./figures/belitsky2.png Graphic file (type png)

<use ./figures/belitsky2.png> [7 <./figures/frankfurt_atpi.pdf>] [8 <./figures/
belitsky2.png (PNG copy)>]

pdfTeX warning: pdflatex (file ./figures/hermes_Aut.pdf): PDF inclusion: found 
PDF version <1.5>, but at most version <1.4> allowed
<./figures/hermes_Aut.pdf, id=209, 501.875pt x 392.46625pt>
File: ./figures/hermes_Aut.pdf Graphic file (type pdf)

<use ./figures/hermes_Aut.pdf>
<./figures/goloskokov2.png, id=211, 417.4797pt x 590.205pt>
File: ./figures/goloskokov2.png Graphic file (type png)

<use ./figures/goloskokov2.png> [9]) [10 <./figures/hermes_Aut.pdf>] [11 <./fig
ures/goloskokov2.png (PNG copy)>] (./setup.tex

LaTeX Warning: Citation `solid:e12-11-108A' on page 12 undefined on input line 
13.


Package hyperref Warning: Token not allowed in a PDFDocEncoded string,
(hyperref)                removing `math shift' on input line 32.


Package hyperref Warning: Token not allowed in a PDFDocEncoded string,
(hyperref)                removing `superscript' on input line 32.


Package hyperref Warning: Token not allowed in a PDFDocEncoded string,
(hyperref)                removing `math shift' on input line 32.


LaTeX Warning: Citation `e12-10-006' on page 12 undefined on input line 35.

[12]

pdfTeX warning: pdflatex (file ./figures/SoLID_SIDIS_setup.pdf): PDF inclusion:
 found PDF version <1.5>, but at most version <1.4> allowed
<./figures/SoLID_SIDIS_setup.pdf, id=245, 722.7pt x 542.025pt>
File: ./figures/SoLID_SIDIS_setup.pdf Graphic file (type pdf)

<use ./figures/SoLID_SIDIS_setup.pdf> [13] [14] [15 <./figures/SoLID_SIDIS_setu
p.pdf

pdfTeX warning: pdflatex (file ./figures/SoLID_SIDIS_setup.pdf): PDF inclusion:
 Page Group detected which pdfTeX can't handle. Ignoring it.
>]) [16] (./projection.tex
<./figures/E11_Q2_x_epip_Q2gt1.pdf, id=335, 511.9125pt x 289.08pt>
File: ./figures/E11_Q2_x_epip_Q2gt1.pdf Graphic file (type pdf)

<use ./figures/E11_Q2_x_epip_Q2gt1.pdf>
<./figures/E11_acc_epi_Q2gt4.pdf, id=336, 427.5975pt x 626.34pt>
File: ./figures/E11_acc_epi_Q2gt4.pdf Graphic file (type pdf)

<use ./figures/E11_acc_epi_Q2gt4.pdf>
<./figures/E11_acc_epip_Q2gt4.pdf, id=337, 427.5975pt x 626.34pt>
File: ./figures/E11_acc_epip_Q2gt4.pdf Graphic file (type pdf)

<use ./figures/E11_acc_epip_Q2gt4.pdf> [17 <./figures/E11_Q2_x_epip_Q2gt1.pdf, 
page is rotated 90 degrees> <./figures/E11_acc_epi_Q2gt4.pdf> <./figures/E11_ac
c_epip_Q2gt4.pdf>]
<./figures/E11_Q2_t_bin_prd.pdf, id=482, 511.9125pt x 380.42125pt>
File: ./figures/E11_Q2_t_bin_prd.pdf Graphic file (type pdf)

<use ./figures/E11_Q2_t_bin_prd.pdf>
<./figures/E11_Q2_t_bin.pdf, id=483, 511.9125pt x 381.425pt>
File: ./figures/E11_Q2_t_bin.pdf Graphic file (type pdf)

<use ./figures/E11_Q2_t_bin.pdf>
Overfull \hbox (13.3333pt too wide) in paragraph at lines 122--129
 [][][] 
 []

[18] <./figures/bin_asym_t.pdf, id=494, 867.24pt x 433.62pt>
File: ./figures/bin_asym_t.pdf Graphic file (type pdf)

<use ./figures/bin_asym_t.pdf> [19 <./figures/E11_Q2_t_bin_prd.pdf, page is rot
ated 90 degrees> <./figures/E11_Q2_t_bin.pdf, page is rotated 90 degrees>])
[20 <./figures/bin_asym_t.pdf

pdfTeX warning: pdflatex (file ./figures/bin_asym_t.pdf): PDF inclusion: Page G
roup detected which pdfTeX can't handle. Ignoring it.
>]

LaTeX Warning: Citation `pac39' on page 21 undefined on input line 263.

[21] (./appendix.tex (./demp_parameterization.tex

Package hyperref Warning: Token not allowed in a PDFDocEncoded string,
(hyperref)                removing `math shift' on input line 3.


Package hyperref Warning: Token not allowed in a PDFDocEncoded string,
(hyperref)                removing `\pi' on input line 3.


Package hyperref Warning: Token not allowed in a PDFDocEncoded string,
(hyperref)                removing `superscript' on input line 3.


Package hyperref Warning: Token not allowed in a PDFDocEncoded string,
(hyperref)                removing `math shift' on input line 3.


Package hyperref Warning: Token not allowed in a PDFDocEncoded string,
(hyperref)                removing `math shift' on input line 80.


Package hyperref Warning: Token not allowed in a PDFDocEncoded string,
(hyperref)                removing `superscript' on input line 80.


Package hyperref Warning: Token not allowed in a PDFDocEncoded string,
(hyperref)                removing `math shift' on input line 80.

[22]

pdfTeX warning: pdflatex (file ./figures/pimsigma_qsq.pdf): PDF inclusion: foun
d PDF version <1.5>, but at most version <1.4> allowed
<./figures/pimsigma_qsq.pdf, id=652, 569.12625pt x 315.1775pt>
File: ./figures/pimsigma_qsq.pdf Graphic file (type pdf)

<use ./figures/pimsigma_qsq.pdf>

Package hyperref Warning: Token not allowed in a PDFDocEncoded string,
(hyperref)                removing `math shift' on input line 104.


Package hyperref Warning: Token not allowed in a PDFDocEncoded string,
(hyperref)                removing `\sigma' on input line 104.


Package hyperref Warning: Token not allowed in a PDFDocEncoded string,
(hyperref)                removing `subscript' on input line 104.


Package hyperref Warning: Token not allowed in a PDFDocEncoded string,
(hyperref)                removing `math shift' on input line 104.


Package hyperref Warning: Token not allowed in a PDFDocEncoded string,
(hyperref)                removing `math shift' on input line 104.


Package hyperref Warning: Token not allowed in a PDFDocEncoded string,
(hyperref)                removing `\sigma' on input line 104.


Package hyperref Warning: Token not allowed in a PDFDocEncoded string,
(hyperref)                removing `subscript' on input line 104.


Package hyperref Warning: Token not allowed in a PDFDocEncoded string,
(hyperref)                removing `math shift' on input line 104.


Package hyperref Warning: Token not allowed in a PDFDocEncoded string,
(hyperref)                removing `math shift' on input line 104.


Package hyperref Warning: Token not allowed in a PDFDocEncoded string,
(hyperref)                removing `\sigma' on input line 104.


Package hyperref Warning: Token not allowed in a PDFDocEncoded string,
(hyperref)                removing `subscript' on input line 104.


Package hyperref Warning: Token not allowed in a PDFDocEncoded string,
(hyperref)                removing `math shift' on input line 104.


Package hyperref Warning: Token not allowed in a PDFDocEncoded string,
(hyperref)                removing `math shift' on input line 104.


Package hyperref Warning: Token not allowed in a PDFDocEncoded string,
(hyperref)                removing `math shift' on input line 104.


Package hyperref Warning: Token not allowed in a PDFDocEncoded string,
(hyperref)                removing `math shift' on input line 104.


Package hyperref Warning: Token not allowed in a PDFDocEncoded string,
(hyperref)                removing `\sigma' on input line 104.


Package hyperref Warning: Token not allowed in a PDFDocEncoded string,
(hyperref)                removing `subscript' on input line 104.


Package hyperref Warning: Token not allowed in a PDFDocEncoded string,
(hyperref)                removing `math shift' on input line 104.

[23 <./figures/pimsigma_qsq.pdf>]

pdfTeX warning: pdflatex (file ./figures/pimFit.pdf): PDF inclusion: found PDF 
version <1.5>, but at most version <1.4> allowed
<./figures/pimFit.pdf, id=673, 569.12625pt x 315.1775pt>
File: ./figures/pimFit.pdf Graphic file (type pdf)

<use ./figures/pimFit.pdf>

Package hyperref Warning: Token not allowed in a PDFDocEncoded string,
(hyperref)                removing `math shift' on input line 157.


Package hyperref Warning: Token not allowed in a PDFDocEncoded string,
(hyperref)                removing `\<def>-command' on input line 157.


Package hyperref Warning: Token not allowed in a PDFDocEncoded string,
(hyperref)                removing `\f@encoding' on input line 157.


Package hyperref Warning: Token not allowed in a PDFDocEncoded string,
(hyperref)                removing `\<let>-command' on input line 157.


Package hyperref Warning: Token not allowed in a PDFDocEncoded string,
(hyperref)                removing `\<def>-command' on input line 157.


Package hyperref Warning: Token not allowed in a PDFDocEncoded string,
(hyperref)                removing `\f@family' on input line 157.


Package hyperref Warning: Token not allowed in a PDFDocEncoded string,
(hyperref)                removing `\<def>-command' on input line 157.


Package hyperref Warning: Token not allowed in a PDFDocEncoded string,
(hyperref)                removing `\f@series' on input line 157.


Package hyperref Warning: Token not allowed in a PDFDocEncoded string,
(hyperref)                removing `\<def>-command' on input line 157.


Package hyperref Warning: Token not allowed in a PDFDocEncoded string,
(hyperref)                removing `\f@shape' on input line 157.


Package hyperref Warning: Token not allowed in a PDFDocEncoded string,
(hyperref)                removing `\<def>-command' on input line 157.


Package hyperref Warning: Token not allowed in a PDFDocEncoded string,
(hyperref)                removing `\font@name' on input line 157.


Package hyperref Warning: Token not allowed in a PDFDocEncoded string,
(hyperref)                removing `\U/lasy/m/n/6' on input line 157.


Package hyperref Warning: Token not allowed in a PDFDocEncoded string,
(hyperref)                removing `\spaceskip' on input line 157.


Package hyperref Warning: Token not allowed in a PDFDocEncoded string,
(hyperref)                removing `\z@' on input line 157.


Package hyperref Warning: Token not allowed in a PDFDocEncoded string,
(hyperref)                removing `\<def>-command' on input line 157.


Package hyperref Warning: Token not allowed in a PDFDocEncoded string,
(hyperref)                removing `\@EverySelectfont@AtNextHook' on input line
 157.


Package hyperref Warning: Token not allowed in a PDFDocEncoded string,
(hyperref)                removing `\ignorespaces' on input line 157.


Package hyperref Warning: Token not allowed in a PDFDocEncoded string,
(hyperref)                removing `subscript' on input line 157.


Package hyperref Warning: Token not allowed in a PDFDocEncoded string,
(hyperref)                removing `superscript' on input line 157.


Package hyperref Warning: Token not allowed in a PDFDocEncoded string,
(hyperref)                removing `\perp' on input line 157.


Package hyperref Warning: Token not allowed in a PDFDocEncoded string,
(hyperref)                removing `math shift' on input line 157.



pdfTeX warning: pdflatex (file ./figures/asym_3.pdf): PDF inclusion: found PDF 
version <1.5>, but at most version <1.4> allowed
<./figures/asym_3.pdf, id=682, 1826.825pt x 503.8825pt>
File: ./figures/asym_3.pdf Graphic file (type pdf)

<use ./figures/asym_3.pdf>)) [24 <./figures/pimFit.pdf>] (./prop_bib.tex
[25 <./figures/asym_3.pdf>]
Underfull \hbox (badness 1067) in paragraph at lines 64--67
\OML/cmm/m/it/10 https \OT1/cmr/m/n/10 : \OML/cmm/m/it/10 ==www:jlab:org=exp[]r
og=PACpage=PAC\OT1/cmr/m/n/10 37\OML/cmm/m/it/10 =proposals=Proposals=New\OT1/c
mr/m/n/10 %20\OML/cmm/m/it/10 Proposals=PR \OMS/cmsy/m/n/10 ^^@
 []


Overfull \hbox (15.63097pt too wide) in paragraph at lines 89--92
\OML/cmm/m/it/10 https \OT1/cmr/m/n/10 : \OML/cmm/m/it/10 ==www:jlab:org=exp[]p
rog=PACpage=PAC\OT1/cmr/m/n/10 37\OML/cmm/m/it/10 =proposals=Proposals=Previous
ly\OT1/cmr/m/n/10 %20\OML/cmm/m/it/10 Approved=E\OT1/cmr/m/n/10 12 \OMS/cmsy/m/
n/10 ^^@
 []

[26]) [27] (./solid_neutron_DEMP.aux)

LaTeX Warning: There were undefined references.

 ) 
Here is how much of TeX's memory you used:
 7797 strings out of 256216
 109497 string characters out of 1917072
 181782 words of memory out of 1500000
 10758 multiletter control sequences out of 10000+200000
 20324 words of font info for 82 fonts, out of 1200000 for 2000
 645 hyphenation exceptions out of 8191
 35i,12n,41p,1293b,423s stack positions out of 5000i,500n,6000p,200000b,15000s
</usr/share/texmf/fonts/type1/bluesky/cm/cmbx10.pfb></usr/share/texmf/fonts/t
ype1/bluesky/cm/cmbx12.pfb></usr/share/texmf/fonts/type1/bluesky/cm/cmbx5.pfb><
/usr/share/texmf/fonts/type1/bluesky/cm/cmbx7.pfb></usr/share/texmf/fonts/type1
/bluesky/cm/cmbx8.pfb></usr/share/texmf/fonts/type1/bluesky/cm/cmbx9.pfb></usr/
share/texmf/fonts/type1/bluesky/cm/cmex10.pfb></usr/share/texmf/fonts/type1/blu
esky/cm/cmmi10.pfb></usr/share/texmf/fonts/type1/bluesky/cm/cmmi12.pfb></usr/sh
are/texmf/fonts/type1/bluesky/cm/cmmi5.pfb></usr/share/texmf/fonts/type1/bluesk
y/cm/cmmi6.pfb></usr/share/texmf/fonts/type1/bluesky/cm/cmmi7.pfb></usr/share/t
exmf/fonts/type1/bluesky/cm/cmmi8.pfb></usr/share/texmf/fonts/type1/bluesky/cm/
cmmi9.pfb></usr/share/texmf/fonts/type1/bluesky/cm/cmr10.pfb></usr/share/texmf/
fonts/type1/bluesky/cm/cmr12.pfb></usr/share/texmf/fonts/type1/bluesky/cm/cmr17
.pfb></usr/share/texmf/fonts/type1/bluesky/cm/cmr5.pfb></usr/share/texmf/fonts/
type1/bluesky/cm/cmr6.pfb></usr/share/texmf/fonts/type1/bluesky/cm/cmr7.pfb></u
sr/share/texmf/fonts/type1/bluesky/cm/cmr8.pfb></usr/share/texmf/fonts/type1/bl
uesky/cm/cmr9.pfb></usr/share/texmf/fonts/type1/bluesky/cm/cmsy10.pfb></usr/sha
re/texmf/fonts/type1/bluesky/cm/cmsy5.pfb></usr/share/texmf/fonts/type1/bluesky
/cm/cmsy6.pfb></usr/share/texmf/fonts/type1/bluesky/cm/cmsy7.pfb></usr/share/te
xmf/fonts/type1/bluesky/cm/cmsy8.pfb></usr/share/texmf/fonts/type1/bluesky/cm/c
msy9.pfb></usr/share/texmf/fonts/type1/bluesky/cm/cmti10.pfb>
Output written on solid_neutron_DEMP.pdf (27 pages, 3118770 bytes).
PDF statistics:
 873 PDF objects out of 1000 (max. 8388607)
 133 named destinations out of 1000 (max. 131072)
 270 words of extra memory for PDF output out of 10000 (max. 10000000)

