This is pdfTeX, Version 3.14159265-2.6-1.40.16 (TeX Live 2015) (preloaded format=pdflatex 2015.5.24)  18 APR 2016 09:33
entering extended mode
 restricted \write18 enabled.
 %&-line parsing enabled.
**pac16_solid.tex
(./pac16_solid.tex
LaTeX2e <2015/01/01>
Babel <3.9l> and hyphenation patterns for 79 languages loaded.
(/usr/local/texlive/2015/texmf-dist/tex/latex/revtex4/revtex4.cls
Document Class: revtex4 2001/08/02 v4.0 (http://publish.aps.org/revtex4/ for do
cumentation)
 Copyright (c) 2001 The American Physical Society.
 mailto:revtex@aps.org
 Licensed under the LPPL:
http://www.ctan.org/tex-archive/macros/latex/base/lppl.txt
 Arthur Ogawa <ogawa@teleport.com>
 Based on work by David Carlisle <david@dcarlisle.demon.co.uk>.
ltxutil: portions licensed from W. E. Baxter (web@superscript.com)
Class revtex4 Info: Repairing broken LateX \@sect on input line 596.
\intertabularlinepenalty=\count79
\@tbpen=\count80
\@arstrutbox@hline=\box26
Class revtex4 Info: Repairing broken LaTeX \@xbitor on input line 1610.
ltxgrid: portions licensed from W. E. Baxter (web@superscript.com)
\c@linecount=\count81
\output=\toks14
\@protection@box=\box27
\@topmark@saved=\toks15
\footins@saved=\box28
\pagesofar=\box29
\footbox=\box30
\pagegrid@col=\count82
Class revtex4 Info: Incorporating package {textcase}  [1998/11/12 v0.06 Text on
ly upper/lower case changing (DPC)]. on input line 3682.
(/usr/local/texlive/2015/texmf-dist/tex/latex/url/url.sty
\Urlmuskip=\muskip10
Package: url 2013/09/16  ver 3.4  Verb mode for urls, etc.
)
\c@affil=\count83
\absbox=\box31
\c@part=\count84
\c@section=\count85
\c@subsection=\count86
\c@subsubsection=\count87
\c@paragraph=\count88
\c@subparagraph=\count89
\abovecaptionskip=\skip41
\belowcaptionskip=\skip42
\c@figure=\count90
\c@table=\count91

(/usr/local/texlive/2015/texmf-dist/tex/latex/natbib/natbib.sty
Package: natbib 2010/09/13 8.31b (PWD, AO)
\bibhang=\skip43
\bibsep=\skip44
LaTeX Info: Redefining \cite on input line 694.
\c@NAT@ctr=\count92
)
\widetext@top=\box32
\widetext@bot=\box33

(/usr/local/texlive/2015/texmf-dist/tex/latex/revtex4/revsymb.sty
Package: revsymb 2001/08/02 v4.0 (http://publish.aps.org/revtex4/ for documenta
tion)
LaTeX Info: Redefining \REV@mathfrak on input line 118.
))

Class revtex4 Warning: No Society specified, using generic APS style.

(/usr/local/texlive/2015/texmf-dist/tex/latex/revtex4/aps.rtx
File: aps.rtx 2001/08/02 v4.0 (http://publish.aps.org/revtex4/ for documentatio
n)
)
(/usr/local/texlive/2015/texmf-dist/tex/latex/revtex4/12pt.rtx
File: 12pt.rtx 2001/08/02 v4.0 (http://publish.aps.org/revtex4/ for documentati
on)
)
(/usr/local/texlive/2015/texmf-dist/tex/latex/graphics/graphicx.sty
Package: graphicx 2014/10/28 v1.0g Enhanced LaTeX Graphics (DPC,SPQR)

(/usr/local/texlive/2015/texmf-dist/tex/latex/graphics/keyval.sty
Package: keyval 2014/10/28 v1.15 key=value parser (DPC)
\KV@toks@=\toks16
)
(/usr/local/texlive/2015/texmf-dist/tex/latex/graphics/graphics.sty
Package: graphics 2014/10/28 v1.0p Standard LaTeX Graphics (DPC,SPQR)

(/usr/local/texlive/2015/texmf-dist/tex/latex/graphics/trig.sty
Package: trig 1999/03/16 v1.09 sin cos tan (DPC)
)
(/usr/local/texlive/2015/texmf-dist/tex/latex/latexconfig/graphics.cfg
File: graphics.cfg 2010/04/23 v1.9 graphics configuration of TeX Live
)
Package graphics Info: Driver file: pdftex.def on input line 94.

(/usr/local/texlive/2015/texmf-dist/tex/latex/pdftex-def/pdftex.def
File: pdftex.def 2011/05/27 v0.06d Graphics/color for pdfTeX

(/usr/local/texlive/2015/texmf-dist/tex/generic/oberdiek/infwarerr.sty
Package: infwarerr 2010/04/08 v1.3 Providing info/warning/error messages (HO)
)
(/usr/local/texlive/2015/texmf-dist/tex/generic/oberdiek/ltxcmds.sty
Package: ltxcmds 2011/11/09 v1.22 LaTeX kernel commands for general use (HO)
)
\Gread@gobject=\count93
))
\Gin@req@height=\dimen102
\Gin@req@width=\dimen103
)
(/usr/local/texlive/2015/texmf-dist/tex/latex/amsmath/amsmath.sty
Package: amsmath 2013/01/14 v2.14 AMS math features
\@mathmargin=\skip45

For additional information on amsmath, use the `?' option.
(/usr/local/texlive/2015/texmf-dist/tex/latex/amsmath/amstext.sty
Package: amstext 2000/06/29 v2.01

(/usr/local/texlive/2015/texmf-dist/tex/latex/amsmath/amsgen.sty
File: amsgen.sty 1999/11/30 v2.0
\@emptytoks=\toks17
\ex@=\dimen104
))
(/usr/local/texlive/2015/texmf-dist/tex/latex/amsmath/amsbsy.sty
Package: amsbsy 1999/11/29 v1.2d
\pmbraise@=\dimen105
)
(/usr/local/texlive/2015/texmf-dist/tex/latex/amsmath/amsopn.sty
Package: amsopn 1999/12/14 v2.01 operator names
)
\inf@bad=\count94
LaTeX Info: Redefining \frac on input line 210.
\uproot@=\count95
\leftroot@=\count96
LaTeX Info: Redefining \overline on input line 306.
\classnum@=\count97
\DOTSCASE@=\count98
LaTeX Info: Redefining \ldots on input line 378.
LaTeX Info: Redefining \dots on input line 381.
LaTeX Info: Redefining \cdots on input line 466.
\Mathstrutbox@=\box34
\strutbox@=\box35
\big@size=\dimen106
LaTeX Font Info:    Redeclaring font encoding OML on input line 566.
LaTeX Font Info:    Redeclaring font encoding OMS on input line 567.
\macc@depth=\count99
\c@MaxMatrixCols=\count100
\dotsspace@=\muskip11
\c@parentequation=\count101
\dspbrk@lvl=\count102
\tag@help=\toks18
\row@=\count103
\column@=\count104
\maxfields@=\count105
\andhelp@=\toks19
\eqnshift@=\dimen107
\alignsep@=\dimen108
\tagshift@=\dimen109
\tagwidth@=\dimen110
\totwidth@=\dimen111
\lineht@=\dimen112
\@envbody=\toks20
\multlinegap=\skip46
\multlinetaggap=\skip47
\mathdisplay@stack=\toks21
LaTeX Info: Redefining \[ on input line 2665.
LaTeX Info: Redefining \] on input line 2666.
)
No file pac16_solid.aux.
\openout1 = `pac16_solid.aux'.

LaTeX Font Info:    Checking defaults for OML/cmm/m/it on input line 4.
LaTeX Font Info:    ... okay on input line 4.
LaTeX Font Info:    Checking defaults for T1/cmr/m/n on input line 4.
LaTeX Font Info:    ... okay on input line 4.
LaTeX Font Info:    Checking defaults for OT1/cmr/m/n on input line 4.
LaTeX Font Info:    ... okay on input line 4.
LaTeX Font Info:    Checking defaults for OMS/cmsy/m/n on input line 4.
LaTeX Font Info:    ... okay on input line 4.
LaTeX Font Info:    Checking defaults for OMX/cmex/m/n on input line 4.
LaTeX Font Info:    ... okay on input line 4.
LaTeX Font Info:    Checking defaults for U/cmr/m/n on input line 4.
LaTeX Font Info:    ... okay on input line 4.
Class revtex4 Info: Patching LaTeX tabular. on input line 4.
Class revtex4 Info: cite was not loaded (OK!) on input line 4.
Class revtex4 Info: multicol was not loaded (OK!) on input line 4.
(/usr/local/texlive/2015/texmf-dist/tex/context/base/supp-pdf.mkii
[Loading MPS to PDF converter (version 2006.09.02).]
\scratchcounter=\count106
\scratchdimen=\dimen113
\scratchbox=\box36
\nofMPsegments=\count107
\nofMParguments=\count108
\everyMPshowfont=\toks22
\MPscratchCnt=\count109
\MPscratchDim=\dimen114
\MPnumerator=\count110
\makeMPintoPDFobject=\count111
\everyMPtoPDFconversion=\toks23
) (/usr/local/texlive/2015/texmf-dist/tex/generic/oberdiek/pdftexcmds.sty
Package: pdftexcmds 2011/11/29 v0.20 Utility functions of pdfTeX for LuaTeX (HO
)

(/usr/local/texlive/2015/texmf-dist/tex/generic/oberdiek/ifluatex.sty
Package: ifluatex 2010/03/01 v1.3 Provides the ifluatex switch (HO)
Package ifluatex Info: LuaTeX not detected.
)
(/usr/local/texlive/2015/texmf-dist/tex/generic/oberdiek/ifpdf.sty
Package: ifpdf 2011/01/30 v2.3 Provides the ifpdf switch (HO)
Package ifpdf Info: pdfTeX in PDF mode is detected.
)
Package pdftexcmds Info: LuaTeX not detected.
Package pdftexcmds Info: \pdf@primitive is available.
Package pdftexcmds Info: \pdf@ifprimitive is available.
Package pdftexcmds Info: \pdfdraftmode found.
)
(/usr/local/texlive/2015/texmf-dist/tex/latex/oberdiek/epstopdf-base.sty
Package: epstopdf-base 2010/02/09 v2.5 Base part for package epstopdf

(/usr/local/texlive/2015/texmf-dist/tex/latex/oberdiek/grfext.sty
Package: grfext 2010/08/19 v1.1 Manage graphics extensions (HO)

(/usr/local/texlive/2015/texmf-dist/tex/generic/oberdiek/kvdefinekeys.sty
Package: kvdefinekeys 2011/04/07 v1.3 Define keys (HO)
))
(/usr/local/texlive/2015/texmf-dist/tex/latex/oberdiek/kvoptions.sty
Package: kvoptions 2011/06/30 v3.11 Key value format for package options (HO)

(/usr/local/texlive/2015/texmf-dist/tex/generic/oberdiek/kvsetkeys.sty
Package: kvsetkeys 2012/04/25 v1.16 Key value parser (HO)

(/usr/local/texlive/2015/texmf-dist/tex/generic/oberdiek/etexcmds.sty
Package: etexcmds 2011/02/16 v1.5 Avoid name clashes with e-TeX commands (HO)
Package etexcmds Info: Could not find \expanded.
(etexcmds)             That can mean that you are not using pdfTeX 1.50 or
(etexcmds)             that some package has redefined \expanded.
(etexcmds)             In the latter case, load this package earlier.
)))
Package grfext Info: Graphics extension search list:
(grfext)             [.png,.pdf,.jpg,.mps,.jpeg,.jbig2,.jb2,.PNG,.PDF,.JPG,.JPE
G,.JBIG2,.JB2,.eps]
(grfext)             \AppendGraphicsExtensions on input line 452.

(/usr/local/texlive/2015/texmf-dist/tex/latex/latexconfig/epstopdf-sys.cfg
File: epstopdf-sys.cfg 2010/07/13 v1.3 Configuration of (r)epstopdf for TeX Liv
e
))

Package natbib Warning: Citation `hermes10' on page 1 undefined on input line 3
7.


Package natbib Warning: Citation `atpi39' on page 1 undefined on input line 39.


[1
Non-PDF special ignored!{/usr/local/texlive/2015/texmf-var/fonts/map/pdftex/upd
map/pdftex.map}] <pdist_gpd_comparo.pdf, id=14, 590.205pt x 444.66125pt>
File: pdist_gpd_comparo.pdf Graphic file (type pdf)

<use pdist_gpd_comparo.pdf>
Package pdftex.def Info: pdist_gpd_comparo.pdf used on input line 92.
(pdftex.def)             Requested size: 226.59471pt x 170.71652pt.


Package natbib Warning: Citation `Di00' on page 2 undefined on input line 101.


Package natbib Warning: Citation `Di00' on page 2 undefined on input line 101.


Package natbib Warning: Citation `Co97' on page 2 undefined on input line 120.

[2]

Package natbib Warning: Citation `Go01' on page 3 undefined on input line 140.


Package natbib Warning: Citation `Ra00' on page 3 undefined on input line 145.

[3 <./pdist_gpd_comparo.pdf>]

Package natbib Warning: Citation `Th01' on page 4 undefined on input line 157.


Package natbib Warning: Citation `Ma69' on page 4 undefined on input line 159.

<PCAC_pion_pole.pdf, id=31, 665.48625pt x 204.765pt>
File: PCAC_pion_pole.pdf Graphic file (type pdf)
 <use PCAC_pion_pole.pdf>
Package pdftex.def Info: PCAC_pion_pole.pdf used on input line 164.
(pdftex.def)             Requested size: 369.89758pt x 113.81102pt.


Package natbib Warning: Citation `Pe00' on page 4 undefined on input line 171.


Package natbib Warning: Citation `Be01' on page 4 undefined on input line 171.

[4 <./PCAC_pion_pole.pdf>] <atpi_planes.pdf, id=42, 875.27pt x 475.7775pt>
File: atpi_planes.pdf Graphic file (type pdf)

<use atpi_planes.pdf>
Package pdftex.def Info: atpi_planes.pdf used on input line 186.
(pdftex.def)             Requested size: 314.05522pt x 170.71652pt.


Package natbib Warning: Citation `Fr99' on page 5 undefined on input line 196.


Package natbib Warning: Citation `Be01' on page 5 undefined on input line 200.


LaTeX Warning: Reference `fig:planes' on page 5 undefined on input line 208.


Package natbib Warning: Citation `Fr99' on page 5 undefined on input line 209.


Package natbib Warning: Citation `Va99' on page 5 undefined on input line 212.


LaTeX Warning: Reference `fig:frankfurt_atpi' on page 5 undefined on input line
 212.

<frankfurt_atpi.pdf, id=43, 464.73625pt x 402.50375pt>
File: frankfurt_atpi.pdf Graphic file (type pdf)

<use frankfurt_atpi.pdf>
Package pdftex.def Info: frankfurt_atpi.pdf used on input line 217.
(pdftex.def)             Requested size: 229.9636pt x 199.16928pt.


Package natbib Warning: Citation `Fr00' on page 5 undefined on input line 225.


Package natbib Warning: Citation `Fr00' on page 5 undefined on input line 225.


Package natbib Warning: Citation `Fr99' on page 5 undefined on input line 232.

[5 <./atpi_planes.pdf>] <belitsky.pdf, id=52, 518.93875pt x 699.61375pt>
File: belitsky.pdf Graphic file (type pdf)

<use belitsky.pdf>
Package pdftex.def Info: belitsky.pdf used on input line 240.
(pdftex.def)             Requested size: 211.04797pt x 284.52756pt.


Package natbib Warning: Citation `belitsky' on page 6 undefined on input line 2
49.


Package natbib Warning: Citation `belitsky' on page 6 undefined on input line 2
49.


LaTeX Warning: Reference `fig:belitsky_atpi' on page 6 undefined on input line 
253.


Package natbib Warning: Citation `belitsky' on page 6 undefined on input line 2
54.


Package natbib Warning: Citation `Go01' on page 6 undefined on input line 266.


Package natbib Warning: Citation `Fr00' on page 6 undefined on input line 266.


Package natbib Warning: Citation `Ma99' on page 6 undefined on input line 270.


Package natbib Warning: Citation `Ca90' on page 6 undefined on input line 270.


Package natbib Warning: Citation `12GeV' on page 6 undefined on input line 278.



Package natbib Warning: Citation `Ca90' on page 6 undefined on input line 280.

[6 <./frankfurt_atpi.pdf>] [7 <./belitsky.pdf>]

Package natbib Warning: Citation `atpi39' on page 8 undefined on input line 300
.


Package natbib Warning: Citation `hermes10' on page 8 undefined on input line 3
08.

<hermes_Aut.pdf, id=65, 501.875pt x 392.46625pt>
File: hermes_Aut.pdf Graphic file (type pdf)
 <use hermes_Aut.pdf>
Package pdftex.def Info: hermes_Aut.pdf used on input line 320.
(pdftex.def)             Requested size: 254.69695pt x 199.16928pt.


Package natbib Warning: Citation `Go10' on page 8 undefined on input line 327.


Package natbib Warning: Citation `Go10' on page 8 undefined on input line 327.


Package natbib Warning: Citation `Go10' on page 8 undefined on input line 334.


Package natbib Warning: Citation `hermes10' on page 8 undefined on input line 3
35.


Package natbib Warning: Citation `Di05' on page 8 undefined on input line 338.


LaTeX Warning: Reference `fig:hermes_aut' on page 8 undefined on input line 338
.

[8] <goloskokov_qsq4p0_w2p8.pdf, id=69, 513.92pt x 706.64pt>
File: goloskokov_qsq4p0_w2p8.pdf Graphic file (type pdf)

<use goloskokov_qsq4p0_w2p8.pdf>
Package pdftex.def Info: goloskokov_qsq4p0_w2p8.pdf used on input line 345.
(pdftex.def)             Requested size: 206.92882pt x 284.52756pt.


Package natbib Warning: Citation `GoPC' on page 9 undefined on input line 351.


LaTeX Warning: Reference `fig:belitsky_atpi' on page 9 undefined on input line 
351.


Package natbib Warning: Citation `GoPC' on page 9 undefined on input line 351.


LaTeX Warning: Reference `fig:belitsky_atpi' on page 9 undefined on input line 
351.


Package natbib Warning: Citation `clas' on page 9 undefined on input line 364.


Package natbib Warning: Citation `GoPC' on page 9 undefined on input line 367.


LaTeX Warning: Reference `fig:golo_aut' on page 9 undefined on input line 369.


Package natbib Warning: Citation `Fpi2' on page 9 undefined on input line 372.


Package natbib Warning: Citation `Go10' on page 9 undefined on input line 373.


LaTeX Warning: Reference `fig:golo_aut' on page 9 undefined on input line 375.


LaTeX Warning: Reference `fig:belitsky_atpi' on page 9 undefined on input line 
377.


LaTeX Warning: Reference `fig:hermes_aut' on page 9 undefined on input line 379
.

[9 <./hermes_Aut.pdf>] [10 <./goloskokov_qsq4p0_w2p8.pdf>]

Package natbib Warning: Citation `3hepol1' on page 11 undefined on input line 4
26.

[11] [12]

LaTeX Warning: Reference `LastBibItem' on page 13 undefined on input line 499.

[13]

Class revtex4 Warning: Endnote numbers changed: rerun LaTeX.


Package natbib Warning: There were undefined citations.

[14] (./pac16_solid.aux

Package natbib Warning: Citation(s) may have changed.
(natbib)                Rerun to get citations correct.

)

LaTeX Warning: There were undefined references.


LaTeX Warning: Label(s) may have changed. Rerun to get cross-references right .


 ) 
Here is how much of TeX's memory you used:
 3764 strings out of 493089
 49598 string characters out of 6134842
 125370 words of memory out of 5000000
 7221 multiletter control sequences out of 15000+600000
 9579 words of font info for 35 fonts, out of 8000000 for 9000
 1141 hyphenation exceptions out of 8191
 38i,9n,25p,665b,357s stack positions out of 5000i,500n,10000p,200000b,80000s
</usr/local/texlive/2015/texmf-dist/fonts/type1/public/amsfonts/cm/cmbx10.pfb
></usr/local/texlive/2015/texmf-dist/fonts/type1/public/amsfonts/cm/cmbx12.pfb>
</usr/local/texlive/2015/texmf-dist/fonts/type1/public/amsfonts/cm/cmex10.pfb><
/usr/local/texlive/2015/texmf-dist/fonts/type1/public/amsfonts/cm/cmmi10.pfb></
usr/local/texlive/2015/texmf-dist/fonts/type1/public/amsfonts/cm/cmmi12.pfb></u
sr/local/texlive/2015/texmf-dist/fonts/type1/public/amsfonts/cm/cmmi6.pfb></usr
/local/texlive/2015/texmf-dist/fonts/type1/public/amsfonts/cm/cmmi8.pfb></usr/l
ocal/texlive/2015/texmf-dist/fonts/type1/public/amsfonts/cm/cmr10.pfb></usr/loc
al/texlive/2015/texmf-dist/fonts/type1/public/amsfonts/cm/cmr12.pfb></usr/local
/texlive/2015/texmf-dist/fonts/type1/public/amsfonts/cm/cmr8.pfb></usr/local/te
xlive/2015/texmf-dist/fonts/type1/public/amsfonts/cm/cmsy10.pfb></usr/local/tex
live/2015/texmf-dist/fonts/type1/public/amsfonts/cm/cmsy6.pfb></usr/local/texli
ve/2015/texmf-dist/fonts/type1/public/amsfonts/cm/cmsy8.pfb>
Output written on pac16_solid.pdf (14 pages, 1816586 bytes).
PDF statistics:
 137 PDF objects out of 1000 (max. 8388607)
 98 compressed objects within 1 object stream
 0 named destinations out of 1000 (max. 500000)
 36 words of extra memory for PDF output out of 10000 (max. 10000000)

